<?xml version="1.0" encoding="UTF-8"?>
<!-- Generated by org.testng.reporters.JUnitReportReporter -->
<testsuite hostname="PINENOIL11198" name="TestCases.terminalCreationTest" tests="6" failures="0" timestamp="27 May 2018 16:04:31 GMT" time="138.178" errors="0">
  <testcase name="createStore" time="27.075" classname="TestCases.terminalCreationTest"/>
  <testcase name="approveStore" time="29.040" classname="TestCases.terminalCreationTest"/>
  <testcase name="tidRegistration" time="0.031" classname="TestCases.terminalCreationTest"/>
  <testcase name="approveMerchant" time="31.258" classname="TestCases.terminalCreationTest"/>
  <testcase name="createMerchant" time="32.796" classname="TestCases.terminalCreationTest"/>
  <testcase name="terminalCreationt" time="17.978" classname="TestCases.terminalCreationTest"/>
</testsuite>
