<?xml version="1.0" encoding="UTF-8"?>
<!-- Generated by org.testng.reporters.JUnitReportReporter -->
<testsuite hostname="PINENOIL11198" name="TestCases.feePostingUploadandDownloadTest" tests="1" failures="0" timestamp="25 Jan 2019 15:33:10 GMT" time="18.582" errors="0">
  <testcase name="uploadFeePostingFile" time="18.582" classname="TestCases.feePostingUploadandDownloadTest"/>
</testsuite>
