<?xml version="1.0" encoding="UTF-8"?>
<!-- Generated by org.testng.reporters.JUnitReportReporter -->
<testsuite hostname="PINENOIL11198" name="TestCases.issuerGroupTest" tests="1" failures="1" timestamp="10 Apr 2019 12:06:41 GMT" time="0.000" errors="0">
  <testcase name="createIssuerGroup" time="0.000" classname="TestCases.issuerGroupTest">
    <failure type="org.openqa.selenium.WebDriverException" message="Failed to connect to binary FirefoxBinary(C:\Program Files (x86)\Mozilla Firefox\firefox.exe) on port 7055; process output follows: 
 on screenshots@mozilla.org version 35.0.0
1554897956689	addons.xpi	DEBUG	Calling bootstrap method startup on webcompat@mozilla.org version 3.0.0
1554897956691	addons.manager	DEBUG	Registering shutdown blocker for XPIProvider
1554897956691	addons.manager	DEBUG	Provider finished startup: XPIProvider
1554897956691	addons.manager	DEBUG	Starting provider: LightweightThemeManager
1554897956691	addons.manager	DEBUG	Registering shutdown blocker for LightweightThemeManager
1554897956692	addons.manager	DEBUG	Provider finished startup: LightweightThemeManager
1554897956692	addons.manager	DEBUG	Starting provider: GMPProvider
1554897956694	addons.manager	DEBUG	Registering shutdown blocker for GMPProvider
1554897956695	addons.manager	DEBUG	Provider finished startup: GMPProvider
1554897956695	addons.manager	DEBUG	Starting provider: PluginProvider
1554897956695	addons.manager	DEBUG	Registering shutdown blocker for PluginProvider
1554897956695	addons.manager	DEBUG	Provider finished startup: PluginProvider
1554897956706	addons.manager	DEBUG	Completed startup sequence
1554897958035	addons.xpi-utils	DEBUG	XPI Database saved, setting schema version preference to 28
1554897958384	addons.repository	DEBUG	No addons.json found.
1554897959632	addons.xpi	DEBUG	Ignoring file: name is not a valid add-on ID: C:\Users\ankit.deswal\AppData\Local\Temp\anonymous7480973373183056186webdriver-profile\extensions\webdriver-staging
1554897959633	addons.xpi	DEBUG	Existing add-on formautofill@mozilla.org in app-system-defaults
1554897959633	addons.xpi	DEBUG	Existing add-on screenshots@mozilla.org in app-system-defaults
1554897959633	addons.xpi	DEBUG	Existing add-on webcompat-reporter@mozilla.org in app-system-defaults
1554897959633	addons.xpi	DEBUG	Existing add-on webcompat@mozilla.org in app-system-defaults
1554897959634	addons.xpi	DEBUG	scanForChanges changed: false, state: {}
JavaScript error: resource://gre/modules/addons/XPIProvider.jsm, line 2625: TypeError: addon is null
1554897962755	addons.manager	DEBUG	Registering upgrade listener for formautofill@mozilla.org
1554897982451	addons.xpi	DEBUG	Calling bootstrap method shutdown on webcompat@mozilla.org version 3.0.0
1554897982459	addons.xpi	DEBUG	Calling bootstrap method shutdown on screenshots@mozilla.org version 35.0.0
1554897982462	addons.xpi	DEBUG	Calling bootstrap method shutdown on formautofill@mozilla.org version 1.0
[Parent 8768, Gecko_IOThread] WARNING: pipe error: 109: file z:/build/build/src/ipc/chromium/src/chrome/common/ipc_channel_win.cc, line 332
[Parent 8768, Gecko_IOThread] WARNING: pipe error: 109: file z:/build/build/src/ipc/chromium/src/chrome/common/ipc_channel_win.cc, line 332
[Child 14444, Chrome_ChildThread] WARNING: pipe error: 109: file z:/build/build/src/ipc/chromium/src/chrome/common/ipc_channel_win.cc, line 332
[Child 14444, Chrome_Ch[Child 15184, Chrome_ChildThread] WARNING: pipe error: 109: file z:/build/build/src/ipc/chromium/src/chrome/common/ipc_channel_win.cc, line 332
[Child 15184, Chrome_ChildThre[Parent 8768, Gecko_IOThread] WARNING: pipe error: 109: file z:/build/build/src/ipc/chromium/src/chrome/common/ipc_channel_win.cc, line 332
[Child 1332, Chrome_ChildThread] WARNING: pipe error: 109: file z:/build/build/src/ipc/chromium/src/chrome/common/ipc_channel_win.cc, line 332
[Child 1332, Chrome_ChildThread] WARN1554897982745	addons.manager	DEBUG	shutdown
1554897982756	addons.manager	DEBUG	Calling shutdown blocker for XPIProvider
1554897982756	addons.xpi	DEBUG	shutdown
1554897982757	addons.xpi-utils	DEBUG	shutdown
1554897982757	addons.manager	DEBUG	Calling shutdown blocker for LightweightThemeManager
1554897982757	addons.manager	DEBUG	Calling shutdown blocker for GMPProvider
1554897982757	addons.manager	DEBUG	Calling shutdown blocker for PluginProvider
1554897982797	addons.manager	DEBUG	Async provider shutdown done
[Parent 8768, Gecko_IOThread] WARNING: file z:/build/build/src/ipc/chromium/src/base/process_util_win.cc, line 166

###!!! [Child][RunMessage] Error: Channel closing: too late to send/recv, messages will be lost

[GP
Build info: version: &#039;2.53.0&#039;, revision: &#039;35ae25b1534ae328c771e0856c93e187490ca824&#039;, time: &#039;2016-03-15 10:43:46&#039;
System info: host: &#039;PINENOIL11198&#039;, ip: &#039;192.168.126.116&#039;, os.name: &#039;Windows 8.1&#039;, os.arch: &#039;amd64&#039;, os.version: &#039;6.3&#039;, java.version: &#039;1.8.0_45&#039;
Driver info: driver.version: FirefoxDriver">
      <![CDATA[org.openqa.selenium.WebDriverException: Failed to connect to binary FirefoxBinary(C:\Program Files (x86)\Mozilla Firefox\firefox.exe) on port 7055; process output follows: 
 on screenshots@mozilla.org version 35.0.0
1554897956689	addons.xpi	DEBUG	Calling bootstrap method startup on webcompat@mozilla.org version 3.0.0
1554897956691	addons.manager	DEBUG	Registering shutdown blocker for XPIProvider
1554897956691	addons.manager	DEBUG	Provider finished startup: XPIProvider
1554897956691	addons.manager	DEBUG	Starting provider: LightweightThemeManager
1554897956691	addons.manager	DEBUG	Registering shutdown blocker for LightweightThemeManager
1554897956692	addons.manager	DEBUG	Provider finished startup: LightweightThemeManager
1554897956692	addons.manager	DEBUG	Starting provider: GMPProvider
1554897956694	addons.manager	DEBUG	Registering shutdown blocker for GMPProvider
1554897956695	addons.manager	DEBUG	Provider finished startup: GMPProvider
1554897956695	addons.manager	DEBUG	Starting provider: PluginProvider
1554897956695	addons.manager	DEBUG	Registering shutdown blocker for PluginProvider
1554897956695	addons.manager	DEBUG	Provider finished startup: PluginProvider
1554897956706	addons.manager	DEBUG	Completed startup sequence
1554897958035	addons.xpi-utils	DEBUG	XPI Database saved, setting schema version preference to 28
1554897958384	addons.repository	DEBUG	No addons.json found.
1554897959632	addons.xpi	DEBUG	Ignoring file: name is not a valid add-on ID: C:\Users\ankit.deswal\AppData\Local\Temp\anonymous7480973373183056186webdriver-profile\extensions\webdriver-staging
1554897959633	addons.xpi	DEBUG	Existing add-on formautofill@mozilla.org in app-system-defaults
1554897959633	addons.xpi	DEBUG	Existing add-on screenshots@mozilla.org in app-system-defaults
1554897959633	addons.xpi	DEBUG	Existing add-on webcompat-reporter@mozilla.org in app-system-defaults
1554897959633	addons.xpi	DEBUG	Existing add-on webcompat@mozilla.org in app-system-defaults
1554897959634	addons.xpi	DEBUG	scanForChanges changed: false, state: {}
JavaScript error: resource://gre/modules/addons/XPIProvider.jsm, line 2625: TypeError: addon is null
1554897962755	addons.manager	DEBUG	Registering upgrade listener for formautofill@mozilla.org
1554897982451	addons.xpi	DEBUG	Calling bootstrap method shutdown on webcompat@mozilla.org version 3.0.0
1554897982459	addons.xpi	DEBUG	Calling bootstrap method shutdown on screenshots@mozilla.org version 35.0.0
1554897982462	addons.xpi	DEBUG	Calling bootstrap method shutdown on formautofill@mozilla.org version 1.0
[Parent 8768, Gecko_IOThread] WARNING: pipe error: 109: file z:/build/build/src/ipc/chromium/src/chrome/common/ipc_channel_win.cc, line 332
[Parent 8768, Gecko_IOThread] WARNING: pipe error: 109: file z:/build/build/src/ipc/chromium/src/chrome/common/ipc_channel_win.cc, line 332
[Child 14444, Chrome_ChildThread] WARNING: pipe error: 109: file z:/build/build/src/ipc/chromium/src/chrome/common/ipc_channel_win.cc, line 332
[Child 14444, Chrome_Ch[Child 15184, Chrome_ChildThread] WARNING: pipe error: 109: file z:/build/build/src/ipc/chromium/src/chrome/common/ipc_channel_win.cc, line 332
[Child 15184, Chrome_ChildThre[Parent 8768, Gecko_IOThread] WARNING: pipe error: 109: file z:/build/build/src/ipc/chromium/src/chrome/common/ipc_channel_win.cc, line 332
[Child 1332, Chrome_ChildThread] WARNING: pipe error: 109: file z:/build/build/src/ipc/chromium/src/chrome/common/ipc_channel_win.cc, line 332
[Child 1332, Chrome_ChildThread] WARN1554897982745	addons.manager	DEBUG	shutdown
1554897982756	addons.manager	DEBUG	Calling shutdown blocker for XPIProvider
1554897982756	addons.xpi	DEBUG	shutdown
1554897982757	addons.xpi-utils	DEBUG	shutdown
1554897982757	addons.manager	DEBUG	Calling shutdown blocker for LightweightThemeManager
1554897982757	addons.manager	DEBUG	Calling shutdown blocker for GMPProvider
1554897982757	addons.manager	DEBUG	Calling shutdown blocker for PluginProvider
1554897982797	addons.manager	DEBUG	Async provider shutdown done
[Parent 8768, Gecko_IOThread] WARNING: file z:/build/build/src/ipc/chromium/src/base/process_util_win.cc, line 166

###!!! [Child][RunMessage] Error: Channel closing: too late to send/recv, messages will be lost

[GP
Build info: version: '2.53.0', revision: '35ae25b1534ae328c771e0856c93e187490ca824', time: '2016-03-15 10:43:46'
System info: host: 'PINENOIL11198', ip: '192.168.126.116', os.name: 'Windows 8.1', os.arch: 'amd64', os.version: '6.3', java.version: '1.8.0_45'
Driver info: driver.version: FirefoxDriver
	at org.openqa.selenium.firefox.internal.NewProfileExtensionConnection.start(NewProfileExtensionConnection.java:125)
	at org.openqa.selenium.firefox.FirefoxDriver.startClient(FirefoxDriver.java:271)
	at org.openqa.selenium.remote.RemoteWebDriver.<init>(RemoteWebDriver.java:119)
	at org.openqa.selenium.firefox.FirefoxDriver.<init>(FirefoxDriver.java:216)
	at org.openqa.selenium.firefox.FirefoxDriver.<init>(FirefoxDriver.java:211)
	at org.openqa.selenium.firefox.FirefoxDriver.<init>(FirefoxDriver.java:207)
	at org.openqa.selenium.firefox.FirefoxDriver.<init>(FirefoxDriver.java:120)
	at cimbui.TestBase.TestBase.initialization(TestBase.java:70)
	at TestCases.issuerGroupTest.setUp(issuerGroupTest.java:25)
	at sun.reflect.NativeMethodAccessorImpl.invoke0(Native Method)
	at sun.reflect.NativeMethodAccessorImpl.invoke(NativeMethodAccessorImpl.java:62)
	at sun.reflect.DelegatingMethodAccessorImpl.invoke(DelegatingMethodAccessorImpl.java:43)
	at java.lang.reflect.Method.invoke(Method.java:497)
	at org.testng.internal.MethodInvocationHelper.invokeMethod(MethodInvocationHelper.java:76)
	at org.testng.internal.Invoker.invokeConfigurationMethod(Invoker.java:525)
	at org.testng.internal.Invoker.invokeConfigurations(Invoker.java:202)
	at org.testng.internal.Invoker.invokeMethod(Invoker.java:613)
	at org.testng.internal.Invoker.invokeTestMethod(Invoker.java:846)
	at org.testng.internal.Invoker.invokeTestMethods(Invoker.java:1170)
	at org.testng.internal.TestMethodWorker.invokeTestMethods(TestMethodWorker.java:125)
	at org.testng.internal.TestMethodWorker.run(TestMethodWorker.java:109)
	at org.testng.TestRunner.runWorkers(TestRunner.java:1147)
	at org.testng.TestRunner.privateRun(TestRunner.java:749)
	at org.testng.TestRunner.run(TestRunner.java:600)
	at org.testng.SuiteRunner.runTest(SuiteRunner.java:317)
	at org.testng.SuiteRunner.runSequentially(SuiteRunner.java:312)
	at org.testng.SuiteRunner.privateRun(SuiteRunner.java:274)
	at org.testng.SuiteRunner.run(SuiteRunner.java:223)
	at org.testng.SuiteRunnerWorker.runSuite(SuiteRunnerWorker.java:52)
	at org.testng.SuiteRunnerWorker.run(SuiteRunnerWorker.java:86)
	at org.testng.TestNG.runSuitesSequentially(TestNG.java:1039)
	at org.testng.TestNG.runSuitesLocally(TestNG.java:964)
	at org.testng.TestNG.run(TestNG.java:900)
	at org.testng.remote.AbstractRemoteTestNG.run(AbstractRemoteTestNG.java:114)
	at org.testng.remote.RemoteTestNG.initAndRun(RemoteTestNG.java:251)
	at org.testng.remote.RemoteTestNG.main(RemoteTestNG.java:77)
Caused by: org.openqa.selenium.firefox.NotConnectedException: Unable to connect to host 127.0.0.1 on port 7055 after 45000 ms. Firefox console output:
 on screenshots@mozilla.org version 35.0.0
1554897956689	addons.xpi	DEBUG	Calling bootstrap method startup on webcompat@mozilla.org version 3.0.0
1554897956691	addons.manager	DEBUG	Registering shutdown blocker for XPIProvider
1554897956691	addons.manager	DEBUG	Provider finished startup: XPIProvider
1554897956691	addons.manager	DEBUG	Starting provider: LightweightThemeManager
1554897956691	addons.manager	DEBUG	Registering shutdown blocker for LightweightThemeManager
1554897956692	addons.manager	DEBUG	Provider finished startup: LightweightThemeManager
1554897956692	addons.manager	DEBUG	Starting provider: GMPProvider
1554897956694	addons.manager	DEBUG	Registering shutdown blocker for GMPProvider
1554897956695	addons.manager	DEBUG	Provider finished startup: GMPProvider
1554897956695	addons.manager	DEBUG	Starting provider: PluginProvider
1554897956695	addons.manager	DEBUG	Registering shutdown blocker for PluginProvider
1554897956695	addons.manager	DEBUG	Provider finished startup: PluginProvider
1554897956706	addons.manager	DEBUG	Completed startup sequence
1554897958035	addons.xpi-utils	DEBUG	XPI Database saved, setting schema version preference to 28
1554897958384	addons.repository	DEBUG	No addons.json found.
1554897959632	addons.xpi	DEBUG	Ignoring file: name is not a valid add-on ID: C:\Users\ankit.deswal\AppData\Local\Temp\anonymous7480973373183056186webdriver-profile\extensions\webdriver-staging
1554897959633	addons.xpi	DEBUG	Existing add-on formautofill@mozilla.org in app-system-defaults
1554897959633	addons.xpi	DEBUG	Existing add-on screenshots@mozilla.org in app-system-defaults
1554897959633	addons.xpi	DEBUG	Existing add-on webcompat-reporter@mozilla.org in app-system-defaults
1554897959633	addons.xpi	DEBUG	Existing add-on webcompat@mozilla.org in app-system-defaults
1554897959634	addons.xpi	DEBUG	scanForChanges changed: false, state: {}
JavaScript error: resource://gre/modules/addons/XPIProvider.jsm, line 2625: TypeError: addon is null
1554897962755	addons.manager	DEBUG	Registering upgrade listener for formautofill@mozilla.org
1554897982451	addons.xpi	DEBUG	Calling bootstrap method shutdown on webcompat@mozilla.org version 3.0.0
1554897982459	addons.xpi	DEBUG	Calling bootstrap method shutdown on screenshots@mozilla.org version 35.0.0
1554897982462	addons.xpi	DEBUG	Calling bootstrap method shutdown on formautofill@mozilla.org version 1.0
[Parent 8768, Gecko_IOThread] WARNING: pipe error: 109: file z:/build/build/src/ipc/chromium/src/chrome/common/ipc_channel_win.cc, line 332
[Parent 8768, Gecko_IOThread] WARNING: pipe error: 109: file z:/build/build/src/ipc/chromium/src/chrome/common/ipc_channel_win.cc, line 332
[Child 14444, Chrome_ChildThread] WARNING: pipe error: 109: file z:/build/build/src/ipc/chromium/src/chrome/common/ipc_channel_win.cc, line 332
[Child 14444, Chrome_Ch[Child 15184, Chrome_ChildThread] WARNING: pipe error: 109: file z:/build/build/src/ipc/chromium/src/chrome/common/ipc_channel_win.cc, line 332
[Child 15184, Chrome_ChildThre[Parent 8768, Gecko_IOThread] WARNING: pipe error: 109: file z:/build/build/src/ipc/chromium/src/chrome/common/ipc_channel_win.cc, line 332
[Child 1332, Chrome_ChildThread] WARNING: pipe error: 109: file z:/build/build/src/ipc/chromium/src/chrome/common/ipc_channel_win.cc, line 332
[Child 1332, Chrome_ChildThread] WARN1554897982745	addons.manager	DEBUG	shutdown
1554897982756	addons.manager	DEBUG	Calling shutdown blocker for XPIProvider
1554897982756	addons.xpi	DEBUG	shutdown
1554897982757	addons.xpi-utils	DEBUG	shutdown
1554897982757	addons.manager	DEBUG	Calling shutdown blocker for LightweightThemeManager
1554897982757	addons.manager	DEBUG	Calling shutdown blocker for GMPProvider
1554897982757	addons.manager	DEBUG	Calling shutdown blocker for PluginProvider
1554897982797	addons.manager	DEBUG	Async provider shutdown done
[Parent 8768, Gecko_IOThread] WARNING: file z:/build/build/src/ipc/chromium/src/base/process_util_win.cc, line 166

###!!! [Child][RunMessage] Error: Channel closing: too late to send/recv, messages will be lost

[GP
	at org.openqa.selenium.firefox.internal.NewProfileExtensionConnection.start(NewProfileExtensionConnection.java:113)
	... 35 more
]]>
    </failure>
  </testcase>
</testsuite>
