<?xml version="1.0" encoding="UTF-8"?>
<!-- Generated by org.testng.reporters.JUnitReportReporter -->
<testsuite hostname="PINENOIL11198" name="TestCases.reinitiliaseTIDTest" tests="1" failures="0" timestamp="14 Mar 2019 11:31:14 GMT" time="8.933" errors="0">
  <testcase name="reinitialiseTID" time="8.933" classname="TestCases.reinitiliaseTIDTest"/>
</testsuite>
