<?xml version="1.0" encoding="UTF-8"?>
<!-- Generated by org.testng.reporters.JUnitReportReporter -->
<testsuite hostname="PINENOIL11198" name="TestCases.MerchantApproveTest" tests="2" failures="0" timestamp="28 Jan 2019 14:40:13 GMT" time="68.264" errors="0">
  <testcase name="approveMerchant" time="33.751" classname="TestCases.MerchantApproveTest"/>
  <testcase name="createMerchant" time="34.513" classname="TestCases.MerchantApproveTest"/>
</testsuite>
